Determining if the pthread_create exist failed with the following output:
Change Dir: /home/lin/moos-ros/moos-ros-bridge/moosros/build/CMakeFiles/CMakeTmp

Run Build Command:"/usr/bin/make" "cmTC_81249/fast"
make[1]: Entering directory '/home/lin/moos-ros/moos-ros-bridge/moosros/build/CMakeFiles/CMakeTmp'
/usr/bin/make -f CMakeFiles/cmTC_81249.dir/build.make CMakeFiles/cmTC_81249.dir/build
make[2]: Entering directory '/home/lin/moos-ros/moos-ros-bridge/moosros/build/CMakeFiles/CMakeTmp'
Building C object CMakeFiles/cmTC_81249.dir/CheckSymbolExists.c.o
/usr/bin/cc     -o CMakeFiles/cmTC_81249.dir/CheckSymbolExists.c.o   -c /home/lin/moos-ros/moos-ros-bridge/moosros/build/CMakeFiles/CMakeTmp/CheckSymbolExists.c
Linking C executable cmTC_81249
/usr/bin/cmake -E cmake_link_script CMakeFiles/cmTC_81249.dir/link.txt --verbose=1
/usr/bin/cc       CMakeFiles/cmTC_81249.dir/CheckSymbolExists.c.o  -o cmTC_81249 -rdynamic 
CMakeFiles/cmTC_81249.dir/CheckSymbolExists.c.o: In function `main':
CheckSymbolExists.c:(.text+0x16): undefined reference to `pthread_create'
collect2: error: ld returned 1 exit status
CMakeFiles/cmTC_81249.dir/build.make:97: recipe for target 'cmTC_81249' failed
make[2]: *** [cmTC_81249] Error 1
make[2]: Leaving directory '/home/lin/moos-ros/moos-ros-bridge/moosros/build/CMakeFiles/CMakeTmp'
Makefile:126: recipe for target 'cmTC_81249/fast' failed
make[1]: *** [cmTC_81249/fast] Error 2
make[1]: Leaving directory '/home/lin/moos-ros/moos-ros-bridge/moosros/build/CMakeFiles/CMakeTmp'

File /home/lin/moos-ros/moos-ros-bridge/moosros/build/CMakeFiles/CMakeTmp/CheckSymbolExists.c:
/* */
#include <pthread.h>

int main(int argc, char** argv)
{
  (void)argv;
#ifndef pthread_create
  return ((int*)(&pthread_create))[argc];
#else
  (void)argc;
  return 0;
#endif
}

Determining if the function pthread_create exists in the pthreads failed with the following output:
Change Dir: /home/lin/moos-ros/moos-ros-bridge/moosros/build/CMakeFiles/CMakeTmp

Run Build Command:"/usr/bin/make" "cmTC_ec485/fast"
make[1]: Entering directory '/home/lin/moos-ros/moos-ros-bridge/moosros/build/CMakeFiles/CMakeTmp'
/usr/bin/make -f CMakeFiles/cmTC_ec485.dir/build.make CMakeFiles/cmTC_ec485.dir/build
make[2]: Entering directory '/home/lin/moos-ros/moos-ros-bridge/moosros/build/CMakeFiles/CMakeTmp'
Building C object CMakeFiles/cmTC_ec485.dir/CheckFunctionExists.c.o
/usr/bin/cc    -DCHECK_FUNCTION_EXISTS=pthread_create   -o CMakeFiles/cmTC_ec485.dir/CheckFunctionExists.c.o   -c /usr/share/cmake-3.5/Modules/CheckFunctionExists.c
Linking C executable cmTC_ec485
/usr/bin/cmake -E cmake_link_script CMakeFiles/cmTC_ec485.dir/link.txt --verbose=1
/usr/bin/cc   -DCHECK_FUNCTION_EXISTS=pthread_create    CMakeFiles/cmTC_ec485.dir/CheckFunctionExists.c.o  -o cmTC_ec485 -rdynamic -lpthreads 
/usr/bin/ld: cannot find -lpthreads
collect2: error: ld returned 1 exit status
CMakeFiles/cmTC_ec485.dir/build.make:97: recipe for target 'cmTC_ec485' failed
make[2]: *** [cmTC_ec485] Error 1
make[2]: Leaving directory '/home/lin/moos-ros/moos-ros-bridge/moosros/build/CMakeFiles/CMakeTmp'
Makefile:126: recipe for target 'cmTC_ec485/fast' failed
make[1]: *** [cmTC_ec485/fast] Error 2
make[1]: Leaving directory '/home/lin/moos-ros/moos-ros-bridge/moosros/build/CMakeFiles/CMakeTmp'


